<?xml version="1.0" encoding="UTF-8"?>
<testsuites name="Mocha Tests" time="9.8620" tests="1" failures="1">
  <testsuite name="Root Suite" timestamp="2022-09-20T08:12:46" tests="0" file="cypress/integration/lokalizatory.js" time="0.0000" failures="0">
  </testsuite>
  <testsuite name="E2E - Lesson " timestamp="2022-09-20T08:12:46" tests="1" time="9.8480" failures="1">
    <testcase name="E2E - Lesson  Should open home page -automationpractice" time="0.0000" classname="Should open home page -automationpractice">
      <failure message="Timed out retrying after 4000ms: Expected to find element: ``, but never found it." type="AssertionError"><![CDATA[AssertionError: Timed out retrying after 4000ms: Expected to find element: ``, but never found it.
    at Context.eval (http://automationpractice.com/__cypress/tests?p=cypress\integration\lokalizatory.js:108:8)]]></failure>
    </testcase>
  </testsuite>
</testsuites>